<?xml version="1.0" encoding="UTF-8"?>
<testng-results skipped="0" failed="1" ignored="0" total="7" passed="6">
  <reporter-output>
  </reporter-output>
  <suite name="Suite" duration-ms="76248" started-at="2020-06-20T12:49:10Z" finished-at="2020-06-20T12:50:26Z">
    <groups>
      <group name="alert">
        <method signature="FifthTest.alertone()[pri:0, instance:Come.FifthTest@fbd1f6]" name="alertone" class="Come.FifthTest"/>
        <method signature="FifthTest.alerttwo()[pri:0, instance:Come.FifthTest@fbd1f6]" name="alerttwo" class="Come.FifthTest"/>
      </group> <!-- alert -->
    </groups>
    <test name="Test" duration-ms="76248" started-at="2020-06-20T12:49:10Z" finished-at="2020-06-20T12:50:26Z">
      <class name="Come.FifthTest">
        <test-method status="PASS" signature="alertone()[pri:0, instance:Come.FifthTest@fbd1f6]" name="alertone" duration-ms="8887" started-at="2020-06-20T12:49:27Z" finished-at="2020-06-20T12:49:36Z">
          <reporter-output>
          </reporter-output>
        </test-method> <!-- alertone -->
        <test-method status="PASS" signature="endikj()[pri:0, instance:Come.FifthTest@fbd1f6]" name="endikj" is-config="true" duration-ms="343" started-at="2020-06-20T12:49:36Z" finished-at="2020-06-20T12:49:36Z">
          <reporter-output>
          </reporter-output>
        </test-method> <!-- endikj -->
        <test-method status="PASS" signature="alerttwo()[pri:0, instance:Come.FifthTest@fbd1f6]" name="alerttwo" duration-ms="9570" started-at="2020-06-20T12:49:36Z" finished-at="2020-06-20T12:49:46Z">
          <reporter-output>
          </reporter-output>
        </test-method> <!-- alerttwo -->
        <test-method status="PASS" signature="endikj()[pri:0, instance:Come.FifthTest@fbd1f6]" name="endikj" is-config="true" duration-ms="110" started-at="2020-06-20T12:49:46Z" finished-at="2020-06-20T12:49:46Z">
          <reporter-output>
          </reporter-output>
        </test-method> <!-- endikj -->
        <test-method status="FAIL" signature="dynamicdwn()[pri:0, instance:Come.FifthTest@fbd1f6]" name="dynamicdwn" duration-ms="27024" started-at="2020-06-20T12:49:46Z" finished-at="2020-06-20T12:50:13Z">
          <exception class="org.openqa.selenium.NoSuchElementException">
            <message>
              <![CDATA[no such element: Unable to locate element: {"method":"xpath","selector":"//td[contains(@class,'ui-datepicker-week-end')]//a[@class='ui-state-default'][contains(text(),'20')]"}
  (Session info: chrome=83.0.4103.106)
For documentation on this error, please visit: https://www.seleniumhq.org/exceptions/no_such_element.html
Build info: version: '3.141.59', revision: 'e82be7d358', time: '2018-11-14T08:17:03'
System info: host: 'LAPTOP-LOG2SSBM', ip: '192.168.56.1', os.name: 'Windows 10', os.arch: 'amd64', os.version: '10.0', java.version: '1.8.0_231'
Driver info: org.openqa.selenium.chrome.ChromeDriver
Capabilities {acceptInsecureCerts: false, browserName: chrome, browserVersion: 83.0.4103.106, chrome: {chromedriverVersion: 83.0.4103.39 (ccbf011cb2d2b..., userDataDir: C:\Users\SACHIN\AppData\Loc...}, goog:chromeOptions: {debuggerAddress: localhost:59714}, javascriptEnabled: true, networkConnectionEnabled: false, pageLoadStrategy: normal, platform: WINDOWS, platformName: WINDOWS, proxy: Proxy(), setWindowRect: true, strictFileInteractability: false, timeouts: {implicit: 0, pageLoad: 300000, script: 30000}, unhandledPromptBehavior: dismiss and notify, webauthn:virtualAuthenticators: true}
Session ID: a6fa568a4943bf3a1cb6e678496aaead
*** Element info: {Using=xpath, value=//td[contains(@class,'ui-datepicker-week-end')]//a[@class='ui-state-default'][contains(text(),'20')]}]]>
            </message>
            <full-stacktrace>
              <![CDATA[org.openqa.selenium.NoSuchElementException: no such element: Unable to locate element: {"method":"xpath","selector":"//td[contains(@class,'ui-datepicker-week-end')]//a[@class='ui-state-default'][contains(text(),'20')]"}
  (Session info: chrome=83.0.4103.106)
For documentation on this error, please visit: https://www.seleniumhq.org/exceptions/no_such_element.html
Build info: version: '3.141.59', revision: 'e82be7d358', time: '2018-11-14T08:17:03'
System info: host: 'LAPTOP-LOG2SSBM', ip: '192.168.56.1', os.name: 'Windows 10', os.arch: 'amd64', os.version: '10.0', java.version: '1.8.0_231'
Driver info: org.openqa.selenium.chrome.ChromeDriver
Capabilities {acceptInsecureCerts: false, browserName: chrome, browserVersion: 83.0.4103.106, chrome: {chromedriverVersion: 83.0.4103.39 (ccbf011cb2d2b..., userDataDir: C:\Users\SACHIN\AppData\Loc...}, goog:chromeOptions: {debuggerAddress: localhost:59714}, javascriptEnabled: true, networkConnectionEnabled: false, pageLoadStrategy: normal, platform: WINDOWS, platformName: WINDOWS, proxy: Proxy(), setWindowRect: true, strictFileInteractability: false, timeouts: {implicit: 0, pageLoad: 300000, script: 30000}, unhandledPromptBehavior: dismiss and notify, webauthn:virtualAuthenticators: true}
Session ID: a6fa568a4943bf3a1cb6e678496aaead
*** Element info: {Using=xpath, value=//td[contains(@class,'ui-datepicker-week-end')]//a[@class='ui-state-default'][contains(text(),'20')]}
at sun.reflect.NativeConstructorAccessorImpl.newInstance0(Native Method)
at sun.reflect.NativeConstructorAccessorImpl.newInstance(NativeConstructorAccessorImpl.java:62)
at sun.reflect.DelegatingConstructorAccessorImpl.newInstance(DelegatingConstructorAccessorImpl.java:45)
at java.lang.reflect.Constructor.newInstance(Constructor.java:423)
at org.openqa.selenium.remote.http.W3CHttpResponseCodec.createException(W3CHttpResponseCodec.java:187)
at org.openqa.selenium.remote.http.W3CHttpResponseCodec.decode(W3CHttpResponseCodec.java:122)
at org.openqa.selenium.remote.http.W3CHttpResponseCodec.decode(W3CHttpResponseCodec.java:49)
at org.openqa.selenium.remote.HttpCommandExecutor.execute(HttpCommandExecutor.java:158)
at org.openqa.selenium.remote.service.DriverCommandExecutor.execute(DriverCommandExecutor.java:83)
at org.openqa.selenium.remote.RemoteWebDriver.execute(RemoteWebDriver.java:552)
at org.openqa.selenium.remote.RemoteWebDriver.findElement(RemoteWebDriver.java:323)
at org.openqa.selenium.remote.RemoteWebDriver.findElementByXPath(RemoteWebDriver.java:428)
at org.openqa.selenium.By$ByXPath.findElement(By.java:353)
at org.openqa.selenium.remote.RemoteWebDriver.findElement(RemoteWebDriver.java:315)
at Come.FifthTest.dynamicdwn(FifthTest.java:70)
at sun.reflect.NativeMethodAccessorImpl.invoke0(Native Method)
at sun.reflect.NativeMethodAccessorImpl.invoke(NativeMethodAccessorImpl.java:62)
at sun.reflect.DelegatingMethodAccessorImpl.invoke(DelegatingMethodAccessorImpl.java:43)
at java.lang.reflect.Method.invoke(Method.java:498)
at org.testng.internal.MethodInvocationHelper.invokeMethod(MethodInvocationHelper.java:124)
at org.testng.internal.Invoker.invokeMethod(Invoker.java:583)
at org.testng.internal.Invoker.invokeTestMethod(Invoker.java:719)
at org.testng.internal.Invoker.invokeTestMethods(Invoker.java:989)
at org.testng.internal.TestMethodWorker.invokeTestMethods(TestMethodWorker.java:125)
at org.testng.internal.TestMethodWorker.run(TestMethodWorker.java:109)
at org.testng.TestRunner.privateRun(TestRunner.java:648)
at org.testng.TestRunner.run(TestRunner.java:505)
at org.testng.SuiteRunner.runTest(SuiteRunner.java:455)
at org.testng.SuiteRunner.runSequentially(SuiteRunner.java:450)
at org.testng.SuiteRunner.privateRun(SuiteRunner.java:415)
at org.testng.SuiteRunner.run(SuiteRunner.java:364)
at org.testng.SuiteRunnerWorker.runSuite(SuiteRunnerWorker.java:52)
at org.testng.SuiteRunnerWorker.run(SuiteRunnerWorker.java:84)
at org.testng.TestNG.runSuitesSequentially(TestNG.java:1208)
at org.testng.TestNG.runSuitesLocally(TestNG.java:1137)
at org.testng.TestNG.runSuites(TestNG.java:1049)
at org.testng.TestNG.run(TestNG.java:1017)
at org.apache.maven.surefire.testng.TestNGExecutor.run(TestNGExecutor.java:284)
at org.apache.maven.surefire.testng.TestNGXmlTestSuite.execute(TestNGXmlTestSuite.java:75)
at org.apache.maven.surefire.testng.TestNGProvider.invoke(TestNGProvider.java:119)
at org.apache.maven.surefire.booter.ForkedBooter.runSuitesInProcess(ForkedBooter.java:428)
at org.apache.maven.surefire.booter.ForkedBooter.execute(ForkedBooter.java:162)
at org.apache.maven.surefire.booter.ForkedBooter.run(ForkedBooter.java:562)
at org.apache.maven.surefire.booter.ForkedBooter.main(ForkedBooter.java:548)
]]>
            </full-stacktrace>
          </exception> <!-- org.openqa.selenium.NoSuchElementException -->
          <reporter-output>
          </reporter-output>
        </test-method> <!-- dynamicdwn -->
        <test-method status="PASS" signature="endikj()[pri:0, instance:Come.FifthTest@fbd1f6]" name="endikj" is-config="true" duration-ms="629" started-at="2020-06-20T12:50:13Z" finished-at="2020-06-20T12:50:14Z">
          <reporter-output>
          </reporter-output>
        </test-method> <!-- endikj -->
        <test-method status="PASS" signature="fotrt()[pri:0, instance:Come.FifthTest@fbd1f6]" name="fotrt" duration-ms="7967" started-at="2020-06-20T12:50:14Z" finished-at="2020-06-20T12:50:22Z">
          <reporter-output>
          </reporter-output>
        </test-method> <!-- fotrt -->
        <test-method status="PASS" signature="endikj()[pri:0, instance:Come.FifthTest@fbd1f6]" name="endikj" is-config="true" duration-ms="4125" started-at="2020-06-20T12:50:22Z" finished-at="2020-06-20T12:50:26Z">
          <reporter-output>
          </reporter-output>
        </test-method> <!-- endikj -->
      </class> <!-- Come.FifthTest -->
      <class name="Come.FourthTest">
        <test-method status="PASS" signature="startt()[pri:0, instance:Come.FourthTest@55fe41ea]" name="startt" duration-ms="4428" started-at="2020-06-20T12:49:10Z" finished-at="2020-06-20T12:49:14Z">
          <reporter-output>
          </reporter-output>
        </test-method> <!-- startt -->
        <test-method status="PASS" signature="trail()[pri:0, instance:Come.FourthTest@55fe41ea]" name="trail" duration-ms="9292" started-at="2020-06-20T12:49:14Z" finished-at="2020-06-20T12:49:23Z">
          <reporter-output>
          </reporter-output>
        </test-method> <!-- trail -->
        <test-method status="PASS" signature="drag()[pri:0, instance:Come.FourthTest@55fe41ea]" name="drag" duration-ms="3812" started-at="2020-06-20T12:49:23Z" depends-on-methods="Come.FourthTest.startt" finished-at="2020-06-20T12:49:27Z">
          <reporter-output>
          </reporter-output>
        </test-method> <!-- drag -->
      </class> <!-- Come.FourthTest -->
    </test> <!-- Test -->
  </suite> <!-- Suite -->
</testng-results>
