<?xml version="1.0" encoding="UTF-8"?>
<testng-results skipped="0" failed="0" ignored="0" total="3" passed="3">
  <reporter-output>
  </reporter-output>
  <suite name="Suite" duration-ms="18047" started-at="2020-06-19T13:14:09Z" finished-at="2020-06-19T13:14:27Z">
    <groups>
    </groups>
    <test name="test4" duration-ms="18047" started-at="2020-06-19T13:14:09Z" finished-at="2020-06-19T13:14:27Z">
      <class name="Come.FourthTest">
        <test-method status="PASS" signature="startt()[pri:0, instance:Come.FourthTest@25a65b77]" name="startt" duration-ms="3674" started-at="2020-06-19T13:14:09Z" finished-at="2020-06-19T13:14:12Z">
          <reporter-output>
          </reporter-output>
        </test-method> <!-- startt -->
        <test-method status="PASS" signature="trail()[pri:0, instance:Come.FourthTest@25a65b77]" name="trail" duration-ms="8558" started-at="2020-06-19T13:14:12Z" finished-at="2020-06-19T13:14:21Z">
          <reporter-output>
          </reporter-output>
        </test-method> <!-- trail -->
        <test-method status="PASS" signature="drag()[pri:0, instance:Come.FourthTest@25a65b77]" name="drag" duration-ms="5784" started-at="2020-06-19T13:14:21Z" depends-on-methods="Come.FourthTest.startt" finished-at="2020-06-19T13:14:27Z">
          <reporter-output>
          </reporter-output>
        </test-method> <!-- drag -->
      </class> <!-- Come.FourthTest -->
    </test> <!-- test4 -->
  </suite> <!-- Suite -->
</testng-results>
